----------------------------------------------------------------
Fri Mar 12 11:29:57 EST 2021:
Booting Derby version The Apache Software Foundation - Apache Derby - 10.14.2.0 - (1828579): instance a816c00e-0178-2745-eac0-00000c3b2960 
on database directory memory:D:\Susmita\assignments\stockdata\testdb with class loader sun.misc.Launcher$AppClassLoader@18b4aac2 
Loaded from file:/C:/Users/chakrabs/.gradle/caches/modules-2/files-2.1/org.apache.derby/derby/10.14.2.0/7efad40ef52fbb1f08142f07a83b42d29e47d8ce/derby-10.14.2.0.jar
java.vendor=Oracle Corporation
java.runtime.version=1.8.0_201-b09
user.dir=D:\Susmita\assignments\stockdata
os.name=Windows 10
os.arch=amd64
os.version=10.0
derby.system.home=null
Database Class Loader started - derby.database.classpath=''
----------------------------------------------------------------
Fri Mar 12 11:36:13 EST 2021:
Shutting down instance a816c00e-0178-2745-eac0-00000c3b2960 on database directory memory:D:\Susmita\assignments\stockdata\testdb with class loader sun.misc.Launcher$AppClassLoader@18b4aac2 
----------------------------------------------------------------
Fri Mar 12 11:36:15 EST 2021:
Booting Derby version The Apache Software Foundation - Apache Derby - 10.14.2.0 - (1828579): instance b90187fd-0178-2745-eac0-00000c3b2960 
on database directory memory:D:\Susmita\assignments\stockdata\testdb with class loader sun.misc.Launcher$AppClassLoader@18b4aac2 
Loaded from file:/C:/Users/chakrabs/.gradle/caches/modules-2/files-2.1/org.apache.derby/derby/10.14.2.0/7efad40ef52fbb1f08142f07a83b42d29e47d8ce/derby-10.14.2.0.jar
java.vendor=Oracle Corporation
java.runtime.version=1.8.0_201-b09
user.dir=D:\Susmita\assignments\stockdata
os.name=Windows 10
os.arch=amd64
os.version=10.0
derby.system.home=null
Database Class Loader started - derby.database.classpath=''
----------------------------------------------------------------
Fri Mar 12 11:36:17 EST 2021:
Shutting down instance b90187fd-0178-2745-eac0-00000c3b2960 on database directory memory:D:\Susmita\assignments\stockdata\testdb with class loader sun.misc.Launcher$AppClassLoader@18b4aac2 
----------------------------------------------------------------
Fri Mar 12 11:36:18 EST 2021:
Booting Derby version The Apache Software Foundation - Apache Derby - 10.14.2.0 - (1828579): instance 7a6248b2-0178-2745-eac0-00000c3b2960 
on database directory memory:D:\Susmita\assignments\stockdata\testdb with class loader sun.misc.Launcher$AppClassLoader@18b4aac2 
Loaded from file:/C:/Users/chakrabs/.gradle/caches/modules-2/files-2.1/org.apache.derby/derby/10.14.2.0/7efad40ef52fbb1f08142f07a83b42d29e47d8ce/derby-10.14.2.0.jar
java.vendor=Oracle Corporation
java.runtime.version=1.8.0_201-b09
user.dir=D:\Susmita\assignments\stockdata
os.name=Windows 10
os.arch=amd64
os.version=10.0
derby.system.home=null
Database Class Loader started - derby.database.classpath=''
